<?xml version="1.0" encoding="UTF-8"?>
<!-- Generated by org.testng.reporters.JUnitReportReporter -->
<testsuite skipped="0" hostname="DESKTOP-3G4GQM6" name="TestRunner.TestBase" tests="1" failures="0" timestamp="2022-02-13T23:28:20 EST" time="12.074" errors="0">
  <testcase name="feature" time="12.074" classname="TestRunner.TestBase"/>
  <system-out/>
</testsuite> <!-- TestRunner.TestBase -->
